<?xml version="1.0" encoding="UTF-8"?>
<!-- Generated by org.testng.reporters.JUnitReportReporter -->
<testsuite skipped="0" hostname="DESKTOP-6JJE3KO" name="TestingAmazonProject.searchProduct" tests="1" failures="0" timestamp="09 May 2020 19:04:02 GMT" time="39.421" errors="0">
  <testcase name="verifySearchByProdectName" time="39.421" classname="TestingAmazonProject.searchProduct"/>
</testsuite> <!-- TestingAmazonProject.searchProduct -->
